<?xml version="1.0" encoding="UTF-8"?>
<!-- Generated by org.testng.reporters.JUnitReportReporter -->
<testsuite skipped="0" hostname="DESKTOP-1QP3V0R" name="testScripts.Module1" tests="1" failures="0" timestamp="21 Apr 2019 04:00:25 GMT" time="38.236" errors="0">
  <testcase name="TC101" time="38.236" classname="testScripts.Module1"/>
</testsuite> <!-- testScripts.Module1 -->
